0 info it worked if it ends with ok
1 verbose cli [ '/home/ceres/workset/node-v4.4.7-linux-x64/bin/node',
1 verbose cli   '/home/ceres/workset/node-v4.4.7-linux-x64/lib/node_modules/npm/bin/npm-cli.js',
1 verbose cli   'run-script',
1 verbose cli   'start' ]
2 info using npm@3.10.5
3 info using node@v4.4.7
4 verbose run-script [ 'prestart', 'start', 'poststart' ]
5 info lifecycle node_opencard@0.0.0~prestart: node_opencard@0.0.0
6 silly lifecycle node_opencard@0.0.0~prestart: no script for prestart, continuing
7 info lifecycle node_opencard@0.0.0~start: node_opencard@0.0.0
8 verbose lifecycle node_opencard@0.0.0~start: unsafe-perm in lifecycle true
9 verbose lifecycle node_opencard@0.0.0~start: PATH: /home/ceres/workset/node-v4.4.7-linux-x64/lib/node_modules/npm/bin/node-gyp-bin:/home/ceres/workset/workspace/node_opencard/node_modules/.bin:/home/ceres/workset/node-v4.4.7-linux-x64/bin:/home/ceres/workset/jdk1.8.0_102/bin:/home/ceres/bin:/home/ceres/.local/bin:/usr/local/sbin:/usr/local/bin:/usr/sbin:/usr/bin:/sbin:/bin:/usr/games:/usr/local/games:/snap/bin:/home/ceres/workset/gradle-2.14.1/bin:/home/ceres/workset/node-v4.4.7-linux-x64/bin:/home/ceres/workset/phantomjs-1.9.8-linux-x86_64/bin:/home/ceres/workset/idea-IC-162.1447.26/bin:/home/ceres/workset/WebStorm-162.1447.27/bin
10 verbose lifecycle node_opencard@0.0.0~start: CWD: /home/ceres/workset/workspace/node_opencard
11 silly lifecycle node_opencard@0.0.0~start: Args: [ '-c', 'node ./bin/www' ]
12 silly lifecycle node_opencard@0.0.0~start: Returned: code: 1  signal: null
13 info lifecycle node_opencard@0.0.0~start: Failed to exec start script
14 verbose stack Error: node_opencard@0.0.0 start: `node ./bin/www`
14 verbose stack Exit status 1
14 verbose stack     at EventEmitter.<anonymous> (/home/ceres/workset/node-v4.4.7-linux-x64/lib/node_modules/npm/lib/utils/lifecycle.js:242:16)
14 verbose stack     at emitTwo (events.js:87:13)
14 verbose stack     at EventEmitter.emit (events.js:172:7)
14 verbose stack     at ChildProcess.<anonymous> (/home/ceres/workset/node-v4.4.7-linux-x64/lib/node_modules/npm/lib/utils/spawn.js:40:14)
14 verbose stack     at emitTwo (events.js:87:13)
14 verbose stack     at ChildProcess.emit (events.js:172:7)
14 verbose stack     at maybeClose (internal/child_process.js:827:16)
14 verbose stack     at Process.ChildProcess._handle.onexit (internal/child_process.js:211:5)
15 verbose pkgid node_opencard@0.0.0
16 verbose cwd /home/ceres/workset/workspace/node_opencard
17 error Linux 4.4.0-34-generic
18 error argv "/home/ceres/workset/node-v4.4.7-linux-x64/bin/node" "/home/ceres/workset/node-v4.4.7-linux-x64/lib/node_modules/npm/bin/npm-cli.js" "run-script" "start"
19 error node v4.4.7
20 error npm  v3.10.5
21 error code ELIFECYCLE
22 error node_opencard@0.0.0 start: `node ./bin/www`
22 error Exit status 1
23 error Failed at the node_opencard@0.0.0 start script 'node ./bin/www'.
23 error Make sure you have the latest version of node.js and npm installed.
23 error If you do, this is most likely a problem with the node_opencard package,
23 error not with npm itself.
23 error Tell the author that this fails on your system:
23 error     node ./bin/www
23 error You can get information on how to open an issue for this project with:
23 error     npm bugs node_opencard
23 error Or if that isn't available, you can get their info via:
23 error     npm owner ls node_opencard
23 error There is likely additional logging output above.
24 verbose exit [ 1, true ]
